# ivector-extractor-sum-accs --parallel=true "ivector-extractor-acc-stats --num-threads=4 exp/nnet3/extractor/3.ie 'ark,s,cs:splice-feats --left-context=3 --right-context=3 scp:data/joint_960_sp_hires_60k/split30/13/feats.scp ark:- | transform-feats exp/nnet3/extractor/final.mat ark:- ark:- | subsample-feats --n=2 ark:- ark:- |' 'ark,s,cs:gunzip -c exp/nnet3/extractor/post.13.gz|' -|" "ivector-extractor-acc-stats --num-threads=4 exp/nnet3/extractor/3.ie 'ark,s,cs:splice-feats --left-context=3 --right-context=3 scp:data/joint_960_sp_hires_60k/split30/14/feats.scp ark:- | transform-feats exp/nnet3/extractor/final.mat ark:- ark:- | subsample-feats --n=2 ark:- ark:- |' 'ark,s,cs:gunzip -c exp/nnet3/extractor/post.14.gz|' -|" "ivector-extractor-acc-stats --num-threads=4 exp/nnet3/extractor/3.ie 'ark,s,cs:splice-feats --left-context=3 --right-context=3 scp:data/joint_960_sp_hires_60k/split30/15/feats.scp ark:- | transform-feats exp/nnet3/extractor/final.mat ark:- ark:- | subsample-feats --n=2 ark:- ark:- |' 'ark,s,cs:gunzip -c exp/nnet3/extractor/post.15.gz|' -|" exp/nnet3/extractor/acc.3.5 
# Started at Sat Jan 16 04:12:15 CST 2021
#
ivector-extractor-sum-accs --parallel=true "ivector-extractor-acc-stats --num-threads=4 exp/nnet3/extractor/3.ie 'ark,s,cs:splice-feats --left-context=3 --right-context=3 scp:data/joint_960_sp_hires_60k/split30/13/feats.scp ark:- | transform-feats exp/nnet3/extractor/final.mat ark:- ark:- | subsample-feats --n=2 ark:- ark:- |' 'ark,s,cs:gunzip -c exp/nnet3/extractor/post.13.gz|' -|" "ivector-extractor-acc-stats --num-threads=4 exp/nnet3/extractor/3.ie 'ark,s,cs:splice-feats --left-context=3 --right-context=3 scp:data/joint_960_sp_hires_60k/split30/14/feats.scp ark:- | transform-feats exp/nnet3/extractor/final.mat ark:- ark:- | subsample-feats --n=2 ark:- ark:- |' 'ark,s,cs:gunzip -c exp/nnet3/extractor/post.14.gz|' -|" "ivector-extractor-acc-stats --num-threads=4 exp/nnet3/extractor/3.ie 'ark,s,cs:splice-feats --left-context=3 --right-context=3 scp:data/joint_960_sp_hires_60k/split30/15/feats.scp ark:- | transform-feats exp/nnet3/extractor/final.mat ark:- ark:- | subsample-feats --n=2 ark:- ark:- |' 'ark,s,cs:gunzip -c exp/nnet3/extractor/post.15.gz|' -|" exp/nnet3/extractor/acc.3.5 
ivector-extractor-acc-stats --num-threads=4 exp/nnet3/extractor/3.ie 'ark,s,cs:splice-feats --left-context=3 --right-context=3 scp:data/joint_960_sp_hires_60k/split30/14/feats.scp ark:- | transform-feats exp/nnet3/extractor/final.mat ark:- ark:- | subsample-feats --n=2 ark:- ark:- |' 'ark,s,cs:gunzip -c exp/nnet3/extractor/post.14.gz|' - 
ivector-extractor-acc-stats --num-threads=4 exp/nnet3/extractor/3.ie 'ark,s,cs:splice-feats --left-context=3 --right-context=3 scp:data/joint_960_sp_hires_60k/split30/13/feats.scp ark:- | transform-feats exp/nnet3/extractor/final.mat ark:- ark:- | subsample-feats --n=2 ark:- ark:- |' 'ark,s,cs:gunzip -c exp/nnet3/extractor/post.13.gz|' - 
subsample-feats --n=2 ark:- ark:- 
splice-feats --left-context=3 --right-context=3 scp:data/joint_960_sp_hires_60k/split30/14/feats.scp ark:- 
transform-feats exp/nnet3/extractor/final.mat ark:- ark:- 
subsample-feats --n=2 ark:- ark:- 
transform-feats exp/nnet3/extractor/final.mat ark:- ark:- 
splice-feats --left-context=3 --right-context=3 scp:data/joint_960_sp_hires_60k/split30/13/feats.scp ark:- 
ivector-extractor-acc-stats --num-threads=4 exp/nnet3/extractor/3.ie 'ark,s,cs:splice-feats --left-context=3 --right-context=3 scp:data/joint_960_sp_hires_60k/split30/15/feats.scp ark:- | transform-feats exp/nnet3/extractor/final.mat ark:- ark:- | subsample-feats --n=2 ark:- ark:- |' 'ark,s,cs:gunzip -c exp/nnet3/extractor/post.15.gz|' - 
subsample-feats --n=2 ark:- ark:- 
transform-feats exp/nnet3/extractor/final.mat ark:- ark:- 
splice-feats --left-context=3 --right-context=3 scp:data/joint_960_sp_hires_60k/split30/15/feats.scp ark:- 
LOG (ivector-extractor-acc-stats[5.5.390~2-09697]:ComputeDerivedVars():ivector-extractor.cc:183) Computing derived variables for iVector extractor
LOG (ivector-extractor-acc-stats[5.5.390~2-09697]:ComputeDerivedVars():ivector-extractor.cc:183) Computing derived variables for iVector extractor
LOG (ivector-extractor-acc-stats[5.5.390~2-09697]:ComputeDerivedVars():ivector-extractor.cc:183) Computing derived variables for iVector extractor
LOG (ivector-extractor-acc-stats[5.5.390~2-09697]:ComputeDerivedVars():ivector-extractor.cc:204) Done.
LOG (ivector-extractor-acc-stats[5.5.390~2-09697]:ComputeDerivedVars():ivector-extractor.cc:204) Done.
LOG (ivector-extractor-acc-stats[5.5.390~2-09697]:ComputeDerivedVars():ivector-extractor.cc:204) Done.
LOG (transform-feats[5.5.390~2-09697]:main():transform-feats.cc:158) Overall average [pseudo-]logdet is -128.256 over 745297 frames.
LOG (transform-feats[5.5.390~2-09697]:main():transform-feats.cc:161) Applied transform to 1989 utterances; 0 had errors.
LOG (subsample-feats[5.5.390~2-09697]:main():subsample-feats.cc:115) Processed 1989 feature matrices; 0 with errors.
LOG (subsample-feats[5.5.390~2-09697]:main():subsample-feats.cc:117) Processed 745297 input frames and 373149 output frames.
LOG (ivector-extractor-acc-stats[5.5.390~2-09697]:main():ivector-extractor-acc-stats.cc:151) Done 1989 files, 0 with errors.  Total frames 373149
LOG (transform-feats[5.5.390~2-09697]:main():transform-feats.cc:158) Overall average [pseudo-]logdet is -128.256 over 941959 frames.
LOG (transform-feats[5.5.390~2-09697]:main():transform-feats.cc:161) Applied transform to 1984 utterances; 0 had errors.
LOG (subsample-feats[5.5.390~2-09697]:main():subsample-feats.cc:115) Processed 1984 feature matrices; 0 with errors.
LOG (subsample-feats[5.5.390~2-09697]:main():subsample-feats.cc:117) Processed 941959 input frames and 471472 output frames.
LOG (ivector-extractor-acc-stats[5.5.390~2-09697]:main():ivector-extractor-acc-stats.cc:151) Done 1984 files, 0 with errors.  Total frames 471472
LOG (transform-feats[5.5.390~2-09697]:main():transform-feats.cc:158) Overall average [pseudo-]logdet is -128.256 over 2.18852e+06 frames.
LOG (transform-feats[5.5.390~2-09697]:main():transform-feats.cc:161) Applied transform to 1983 utterances; 0 had errors.
LOG (subsample-feats[5.5.390~2-09697]:main():subsample-feats.cc:115) Processed 1983 feature matrices; 0 with errors.
LOG (subsample-feats[5.5.390~2-09697]:main():subsample-feats.cc:117) Processed 2188524 input frames and 1094811 output frames.
LOG (ivector-extractor-acc-stats[5.5.390~2-09697]:main():ivector-extractor-acc-stats.cc:151) Done 1983 files, 0 with errors.  Total frames 1094811
LOG (ivector-extractor-acc-stats[5.5.390~2-09697]:main():ivector-extractor-acc-stats.cc:159) Wrote stats to -
LOG (ivector-extractor-acc-stats[5.5.390~2-09697]:main():ivector-extractor-acc-stats.cc:159) Wrote stats to -
LOG (ivector-extractor-acc-stats[5.5.390~2-09697]:main():ivector-extractor-acc-stats.cc:159) Wrote stats to -
LOG (ivector-extractor-sum-accs[5.5.390~2-09697]:main():ivector-extractor-sum-accs.cc:83) Wrote summed stats to exp/nnet3/extractor/acc.3.5
# Accounting: time=101 threads=1
# Ended (code 0) at Sat Jan 16 04:13:56 CST 2021, elapsed time 101 seconds
