# ivector-extractor-sum-accs --parallel=true "ivector-extractor-acc-stats --num-threads=4 exp/nnet3/extractor/3.ie 'ark,s,cs:splice-feats --left-context=3 --right-context=3 scp:data/joint_960_sp_hires_60k/split30/10/feats.scp ark:- | transform-feats exp/nnet3/extractor/final.mat ark:- ark:- | subsample-feats --n=2 ark:- ark:- |' 'ark,s,cs:gunzip -c exp/nnet3/extractor/post.10.gz|' -|" "ivector-extractor-acc-stats --num-threads=4 exp/nnet3/extractor/3.ie 'ark,s,cs:splice-feats --left-context=3 --right-context=3 scp:data/joint_960_sp_hires_60k/split30/11/feats.scp ark:- | transform-feats exp/nnet3/extractor/final.mat ark:- ark:- | subsample-feats --n=2 ark:- ark:- |' 'ark,s,cs:gunzip -c exp/nnet3/extractor/post.11.gz|' -|" "ivector-extractor-acc-stats --num-threads=4 exp/nnet3/extractor/3.ie 'ark,s,cs:splice-feats --left-context=3 --right-context=3 scp:data/joint_960_sp_hires_60k/split30/12/feats.scp ark:- | transform-feats exp/nnet3/extractor/final.mat ark:- ark:- | subsample-feats --n=2 ark:- ark:- |' 'ark,s,cs:gunzip -c exp/nnet3/extractor/post.12.gz|' -|" exp/nnet3/extractor/acc.3.4 
# Started at Sat Jan 16 04:12:15 CST 2021
#
ivector-extractor-sum-accs --parallel=true "ivector-extractor-acc-stats --num-threads=4 exp/nnet3/extractor/3.ie 'ark,s,cs:splice-feats --left-context=3 --right-context=3 scp:data/joint_960_sp_hires_60k/split30/10/feats.scp ark:- | transform-feats exp/nnet3/extractor/final.mat ark:- ark:- | subsample-feats --n=2 ark:- ark:- |' 'ark,s,cs:gunzip -c exp/nnet3/extractor/post.10.gz|' -|" "ivector-extractor-acc-stats --num-threads=4 exp/nnet3/extractor/3.ie 'ark,s,cs:splice-feats --left-context=3 --right-context=3 scp:data/joint_960_sp_hires_60k/split30/11/feats.scp ark:- | transform-feats exp/nnet3/extractor/final.mat ark:- ark:- | subsample-feats --n=2 ark:- ark:- |' 'ark,s,cs:gunzip -c exp/nnet3/extractor/post.11.gz|' -|" "ivector-extractor-acc-stats --num-threads=4 exp/nnet3/extractor/3.ie 'ark,s,cs:splice-feats --left-context=3 --right-context=3 scp:data/joint_960_sp_hires_60k/split30/12/feats.scp ark:- | transform-feats exp/nnet3/extractor/final.mat ark:- ark:- | subsample-feats --n=2 ark:- ark:- |' 'ark,s,cs:gunzip -c exp/nnet3/extractor/post.12.gz|' -|" exp/nnet3/extractor/acc.3.4 
ivector-extractor-acc-stats --num-threads=4 exp/nnet3/extractor/3.ie 'ark,s,cs:splice-feats --left-context=3 --right-context=3 scp:data/joint_960_sp_hires_60k/split30/10/feats.scp ark:- | transform-feats exp/nnet3/extractor/final.mat ark:- ark:- | subsample-feats --n=2 ark:- ark:- |' 'ark,s,cs:gunzip -c exp/nnet3/extractor/post.10.gz|' - 
ivector-extractor-acc-stats --num-threads=4 exp/nnet3/extractor/3.ie 'ark,s,cs:splice-feats --left-context=3 --right-context=3 scp:data/joint_960_sp_hires_60k/split30/11/feats.scp ark:- | transform-feats exp/nnet3/extractor/final.mat ark:- ark:- | subsample-feats --n=2 ark:- ark:- |' 'ark,s,cs:gunzip -c exp/nnet3/extractor/post.11.gz|' - 
ivector-extractor-acc-stats --num-threads=4 exp/nnet3/extractor/3.ie 'ark,s,cs:splice-feats --left-context=3 --right-context=3 scp:data/joint_960_sp_hires_60k/split30/12/feats.scp ark:- | transform-feats exp/nnet3/extractor/final.mat ark:- ark:- | subsample-feats --n=2 ark:- ark:- |' 'ark,s,cs:gunzip -c exp/nnet3/extractor/post.12.gz|' - 
subsample-feats --n=2 ark:- ark:- 
transform-feats exp/nnet3/extractor/final.mat ark:- ark:- 
splice-feats --left-context=3 --right-context=3 scp:data/joint_960_sp_hires_60k/split30/12/feats.scp ark:- 
splice-feats --left-context=3 --right-context=3 scp:data/joint_960_sp_hires_60k/split30/10/feats.scp ark:- 
transform-feats exp/nnet3/extractor/final.mat ark:- ark:- 
subsample-feats --n=2 ark:- ark:- 
transform-feats exp/nnet3/extractor/final.mat ark:- ark:- 
splice-feats --left-context=3 --right-context=3 scp:data/joint_960_sp_hires_60k/split30/11/feats.scp ark:- 
subsample-feats --n=2 ark:- ark:- 
LOG (ivector-extractor-acc-stats[5.5.390~2-09697]:ComputeDerivedVars():ivector-extractor.cc:183) Computing derived variables for iVector extractor
LOG (ivector-extractor-acc-stats[5.5.390~2-09697]:ComputeDerivedVars():ivector-extractor.cc:183) Computing derived variables for iVector extractor
LOG (ivector-extractor-acc-stats[5.5.390~2-09697]:ComputeDerivedVars():ivector-extractor.cc:183) Computing derived variables for iVector extractor
LOG (ivector-extractor-acc-stats[5.5.390~2-09697]:ComputeDerivedVars():ivector-extractor.cc:204) Done.
LOG (ivector-extractor-acc-stats[5.5.390~2-09697]:ComputeDerivedVars():ivector-extractor.cc:204) Done.
LOG (ivector-extractor-acc-stats[5.5.390~2-09697]:ComputeDerivedVars():ivector-extractor.cc:204) Done.
LOG (transform-feats[5.5.390~2-09697]:main():transform-feats.cc:158) Overall average [pseudo-]logdet is -128.256 over 460905 frames.
LOG (transform-feats[5.5.390~2-09697]:main():transform-feats.cc:161) Applied transform to 1974 utterances; 0 had errors.
LOG (subsample-feats[5.5.390~2-09697]:main():subsample-feats.cc:115) Processed 1974 feature matrices; 0 with errors.
LOG (subsample-feats[5.5.390~2-09697]:main():subsample-feats.cc:117) Processed 460905 input frames and 230966 output frames.
LOG (ivector-extractor-acc-stats[5.5.390~2-09697]:main():ivector-extractor-acc-stats.cc:151) Done 1974 files, 0 with errors.  Total frames 230966
LOG (ivector-extractor-acc-stats[5.5.390~2-09697]:main():ivector-extractor-acc-stats.cc:159) Wrote stats to -
LOG (transform-feats[5.5.390~2-09697]:main():transform-feats.cc:158) Overall average [pseudo-]logdet is -128.256 over 1.70743e+06 frames.
LOG (transform-feats[5.5.390~2-09697]:main():transform-feats.cc:161) Applied transform to 1980 utterances; 0 had errors.
LOG (subsample-feats[5.5.390~2-09697]:main():subsample-feats.cc:115) Processed 1980 feature matrices; 0 with errors.
LOG (subsample-feats[5.5.390~2-09697]:main():subsample-feats.cc:117) Processed 1707426 input frames and 854263 output frames.
LOG (ivector-extractor-acc-stats[5.5.390~2-09697]:main():ivector-extractor-acc-stats.cc:151) Done 1980 files, 0 with errors.  Total frames 854263
LOG (ivector-extractor-acc-stats[5.5.390~2-09697]:main():ivector-extractor-acc-stats.cc:159) Wrote stats to -
LOG (transform-feats[5.5.390~2-09697]:main():transform-feats.cc:158) Overall average [pseudo-]logdet is -128.256 over 2.16301e+06 frames.
LOG (transform-feats[5.5.390~2-09697]:main():transform-feats.cc:161) Applied transform to 1981 utterances; 0 had errors.
LOG (subsample-feats[5.5.390~2-09697]:main():subsample-feats.cc:115) Processed 1981 feature matrices; 0 with errors.
LOG (subsample-feats[5.5.390~2-09697]:main():subsample-feats.cc:117) Processed 2163006 input frames and 1082056 output frames.
LOG (ivector-extractor-acc-stats[5.5.390~2-09697]:main():ivector-extractor-acc-stats.cc:151) Done 1981 files, 0 with errors.  Total frames 1082056
LOG (ivector-extractor-acc-stats[5.5.390~2-09697]:main():ivector-extractor-acc-stats.cc:159) Wrote stats to -
LOG (ivector-extractor-sum-accs[5.5.390~2-09697]:main():ivector-extractor-sum-accs.cc:83) Wrote summed stats to exp/nnet3/extractor/acc.3.4
# Accounting: time=102 threads=1
# Ended (code 0) at Sat Jan 16 04:13:57 CST 2021, elapsed time 102 seconds
