# ivector-extractor-sum-accs --parallel=true "ivector-extractor-acc-stats --num-threads=4 exp/nnet3/extractor/1.ie 'ark,s,cs:splice-feats --left-context=3 --right-context=3 scp:data/joint_960_sp_hires_60k/split30/25/feats.scp ark:- | transform-feats exp/nnet3/extractor/final.mat ark:- ark:- | subsample-feats --n=2 ark:- ark:- |' 'ark,s,cs:gunzip -c exp/nnet3/extractor/post.25.gz|' -|" "ivector-extractor-acc-stats --num-threads=4 exp/nnet3/extractor/1.ie 'ark,s,cs:splice-feats --left-context=3 --right-context=3 scp:data/joint_960_sp_hires_60k/split30/26/feats.scp ark:- | transform-feats exp/nnet3/extractor/final.mat ark:- ark:- | subsample-feats --n=2 ark:- ark:- |' 'ark,s,cs:gunzip -c exp/nnet3/extractor/post.26.gz|' -|" "ivector-extractor-acc-stats --num-threads=4 exp/nnet3/extractor/1.ie 'ark,s,cs:splice-feats --left-context=3 --right-context=3 scp:data/joint_960_sp_hires_60k/split30/27/feats.scp ark:- | transform-feats exp/nnet3/extractor/final.mat ark:- ark:- | subsample-feats --n=2 ark:- ark:- |' 'ark,s,cs:gunzip -c exp/nnet3/extractor/post.27.gz|' -|" exp/nnet3/extractor/acc.1.9 
# Started at Sat Jan 16 04:08:39 CST 2021
#
ivector-extractor-sum-accs --parallel=true "ivector-extractor-acc-stats --num-threads=4 exp/nnet3/extractor/1.ie 'ark,s,cs:splice-feats --left-context=3 --right-context=3 scp:data/joint_960_sp_hires_60k/split30/25/feats.scp ark:- | transform-feats exp/nnet3/extractor/final.mat ark:- ark:- | subsample-feats --n=2 ark:- ark:- |' 'ark,s,cs:gunzip -c exp/nnet3/extractor/post.25.gz|' -|" "ivector-extractor-acc-stats --num-threads=4 exp/nnet3/extractor/1.ie 'ark,s,cs:splice-feats --left-context=3 --right-context=3 scp:data/joint_960_sp_hires_60k/split30/26/feats.scp ark:- | transform-feats exp/nnet3/extractor/final.mat ark:- ark:- | subsample-feats --n=2 ark:- ark:- |' 'ark,s,cs:gunzip -c exp/nnet3/extractor/post.26.gz|' -|" "ivector-extractor-acc-stats --num-threads=4 exp/nnet3/extractor/1.ie 'ark,s,cs:splice-feats --left-context=3 --right-context=3 scp:data/joint_960_sp_hires_60k/split30/27/feats.scp ark:- | transform-feats exp/nnet3/extractor/final.mat ark:- ark:- | subsample-feats --n=2 ark:- ark:- |' 'ark,s,cs:gunzip -c exp/nnet3/extractor/post.27.gz|' -|" exp/nnet3/extractor/acc.1.9 
ivector-extractor-acc-stats --num-threads=4 exp/nnet3/extractor/1.ie 'ark,s,cs:splice-feats --left-context=3 --right-context=3 scp:data/joint_960_sp_hires_60k/split30/26/feats.scp ark:- | transform-feats exp/nnet3/extractor/final.mat ark:- ark:- | subsample-feats --n=2 ark:- ark:- |' 'ark,s,cs:gunzip -c exp/nnet3/extractor/post.26.gz|' - 
ivector-extractor-acc-stats --num-threads=4 exp/nnet3/extractor/1.ie 'ark,s,cs:splice-feats --left-context=3 --right-context=3 scp:data/joint_960_sp_hires_60k/split30/27/feats.scp ark:- | transform-feats exp/nnet3/extractor/final.mat ark:- ark:- | subsample-feats --n=2 ark:- ark:- |' 'ark,s,cs:gunzip -c exp/nnet3/extractor/post.27.gz|' - 
ivector-extractor-acc-stats --num-threads=4 exp/nnet3/extractor/1.ie 'ark,s,cs:splice-feats --left-context=3 --right-context=3 scp:data/joint_960_sp_hires_60k/split30/25/feats.scp ark:- | transform-feats exp/nnet3/extractor/final.mat ark:- ark:- | subsample-feats --n=2 ark:- ark:- |' 'ark,s,cs:gunzip -c exp/nnet3/extractor/post.25.gz|' - 
transform-feats exp/nnet3/extractor/final.mat ark:- ark:- 
splice-feats --left-context=3 --right-context=3 scp:data/joint_960_sp_hires_60k/split30/26/feats.scp ark:- 
transform-feats exp/nnet3/extractor/final.mat ark:- ark:- 
subsample-feats --n=2 ark:- ark:- 
splice-feats --left-context=3 --right-context=3 scp:data/joint_960_sp_hires_60k/split30/27/feats.scp ark:- 
subsample-feats --n=2 ark:- ark:- 
subsample-feats --n=2 ark:- ark:- 
transform-feats exp/nnet3/extractor/final.mat ark:- ark:- 
splice-feats --left-context=3 --right-context=3 scp:data/joint_960_sp_hires_60k/split30/25/feats.scp ark:- 
LOG (ivector-extractor-acc-stats[5.5.390~2-09697]:ComputeDerivedVars():ivector-extractor.cc:183) Computing derived variables for iVector extractor
LOG (ivector-extractor-acc-stats[5.5.390~2-09697]:ComputeDerivedVars():ivector-extractor.cc:183) Computing derived variables for iVector extractor
LOG (ivector-extractor-acc-stats[5.5.390~2-09697]:ComputeDerivedVars():ivector-extractor.cc:183) Computing derived variables for iVector extractor
LOG (ivector-extractor-acc-stats[5.5.390~2-09697]:ComputeDerivedVars():ivector-extractor.cc:204) Done.
LOG (ivector-extractor-acc-stats[5.5.390~2-09697]:ComputeDerivedVars():ivector-extractor.cc:204) Done.
LOG (ivector-extractor-acc-stats[5.5.390~2-09697]:ComputeDerivedVars():ivector-extractor.cc:204) Done.
LOG (transform-feats[5.5.390~2-09697]:main():transform-feats.cc:158) Overall average [pseudo-]logdet is -128.256 over 584413 frames.
LOG (transform-feats[5.5.390~2-09697]:main():transform-feats.cc:161) Applied transform to 2061 utterances; 0 had errors.
LOG (subsample-feats[5.5.390~2-09697]:main():subsample-feats.cc:115) Processed 2061 feature matrices; 0 with errors.
LOG (subsample-feats[5.5.390~2-09697]:main():subsample-feats.cc:117) Processed 584413 input frames and 292720 output frames.
LOG (ivector-extractor-acc-stats[5.5.390~2-09697]:main():ivector-extractor-acc-stats.cc:151) Done 2061 files, 0 with errors.  Total frames 292720
LOG (transform-feats[5.5.390~2-09697]:main():transform-feats.cc:158) Overall average [pseudo-]logdet is -128.256 over 607724 frames.
LOG (transform-feats[5.5.390~2-09697]:main():transform-feats.cc:161) Applied transform to 2063 utterances; 0 had errors.
LOG (subsample-feats[5.5.390~2-09697]:main():subsample-feats.cc:115) Processed 2063 feature matrices; 0 with errors.
LOG (subsample-feats[5.5.390~2-09697]:main():subsample-feats.cc:117) Processed 607724 input frames and 304387 output frames.
LOG (ivector-extractor-acc-stats[5.5.390~2-09697]:main():ivector-extractor-acc-stats.cc:151) Done 2063 files, 0 with errors.  Total frames 304387
LOG (transform-feats[5.5.390~2-09697]:main():transform-feats.cc:158) Overall average [pseudo-]logdet is -128.256 over 613620 frames.
LOG (transform-feats[5.5.390~2-09697]:main():transform-feats.cc:161) Applied transform to 2051 utterances; 0 had errors.
LOG (subsample-feats[5.5.390~2-09697]:main():subsample-feats.cc:115) Processed 2051 feature matrices; 0 with errors.
LOG (subsample-feats[5.5.390~2-09697]:main():subsample-feats.cc:117) Processed 613620 input frames and 307334 output frames.
LOG (ivector-extractor-acc-stats[5.5.390~2-09697]:main():ivector-extractor-acc-stats.cc:151) Done 2051 files, 0 with errors.  Total frames 307334
LOG (ivector-extractor-acc-stats[5.5.390~2-09697]:main():ivector-extractor-acc-stats.cc:159) Wrote stats to -
LOG (ivector-extractor-acc-stats[5.5.390~2-09697]:main():ivector-extractor-acc-stats.cc:159) Wrote stats to -
LOG (ivector-extractor-acc-stats[5.5.390~2-09697]:main():ivector-extractor-acc-stats.cc:159) Wrote stats to -
LOG (ivector-extractor-sum-accs[5.5.390~2-09697]:main():ivector-extractor-sum-accs.cc:83) Wrote summed stats to exp/nnet3/extractor/acc.1.9
# Accounting: time=100 threads=1
# Ended (code 0) at Sat Jan 16 04:10:19 CST 2021, elapsed time 100 seconds
