# ivector-extractor-est --num-threads=12 exp/nnet3/extractor/0.ie exp/nnet3/extractor/acc.0 exp/nnet3/extractor/1.ie 
# Started at Sat Jan 16 04:08:36 CST 2021
#
ivector-extractor-est --num-threads=12 exp/nnet3/extractor/0.ie exp/nnet3/extractor/acc.0 exp/nnet3/extractor/1.ie 
LOG (ivector-extractor-est[5.5.390~2-09697]:main():ivector-extractor-est.cc:55) Reading model
LOG (ivector-extractor-est[5.5.390~2-09697]:ComputeDerivedVars():ivector-extractor.cc:183) Computing derived variables for iVector extractor
LOG (ivector-extractor-est[5.5.390~2-09697]:ComputeDerivedVars():ivector-extractor.cc:204) Done.
LOG (ivector-extractor-est[5.5.390~2-09697]:main():ivector-extractor-est.cc:59) Reading statistics
LOG (ivector-extractor-est[5.5.390~2-09697]:Update():ivector-extractor.cc:1277) Overall auxf/frame on training data was -134.282 per frame over 2.99436e+06 frames.
LOG (ivector-extractor-est[5.5.390~2-09697]:UpdateProjections():ivector-extractor.cc:1431) Overall objective function improvement for M (mean projections) was 74.3429 per frame over 2.99436e+06 frames.
LOG (ivector-extractor-est[5.5.390~2-09697]:UpdateVariances():ivector-extractor.cc:1513) For Gaussian index 24, floored 8 eigenvalues of variance.
LOG (ivector-extractor-est[5.5.390~2-09697]:UpdateVariances():ivector-extractor.cc:1513) For Gaussian index 38, floored 1 eigenvalues of variance.
LOG (ivector-extractor-est[5.5.390~2-09697]:UpdateVariances():ivector-extractor.cc:1513) For Gaussian index 73, floored 1 eigenvalues of variance.
LOG (ivector-extractor-est[5.5.390~2-09697]:UpdateVariances():ivector-extractor.cc:1513) For Gaussian index 82, floored 10 eigenvalues of variance.
LOG (ivector-extractor-est[5.5.390~2-09697]:UpdateVariances():ivector-extractor.cc:1513) For Gaussian index 109, floored 1 eigenvalues of variance.
LOG (ivector-extractor-est[5.5.390~2-09697]:UpdateVariances():ivector-extractor.cc:1513) For Gaussian index 130, floored 6 eigenvalues of variance.
LOG (ivector-extractor-est[5.5.390~2-09697]:UpdateVariances():ivector-extractor.cc:1513) For Gaussian index 169, floored 22 eigenvalues of variance.
LOG (ivector-extractor-est[5.5.390~2-09697]:UpdateVariances():ivector-extractor.cc:1513) For Gaussian index 182, floored 1 eigenvalues of variance.
LOG (ivector-extractor-est[5.5.390~2-09697]:UpdateVariances():ivector-extractor.cc:1513) For Gaussian index 262, floored 1 eigenvalues of variance.
LOG (ivector-extractor-est[5.5.390~2-09697]:UpdateVariances():ivector-extractor.cc:1513) For Gaussian index 263, floored 2 eigenvalues of variance.
LOG (ivector-extractor-est[5.5.390~2-09697]:UpdateVariances():ivector-extractor.cc:1513) For Gaussian index 281, floored 3 eigenvalues of variance.
LOG (ivector-extractor-est[5.5.390~2-09697]:UpdateVariances():ivector-extractor.cc:1513) For Gaussian index 282, floored 6 eigenvalues of variance.
LOG (ivector-extractor-est[5.5.390~2-09697]:UpdateVariances():ivector-extractor.cc:1513) For Gaussian index 283, floored 18 eigenvalues of variance.
LOG (ivector-extractor-est[5.5.390~2-09697]:UpdateVariances():ivector-extractor.cc:1513) For Gaussian index 284, floored 5 eigenvalues of variance.
LOG (ivector-extractor-est[5.5.390~2-09697]:UpdateVariances():ivector-extractor.cc:1513) For Gaussian index 285, floored 17 eigenvalues of variance.
LOG (ivector-extractor-est[5.5.390~2-09697]:UpdateVariances():ivector-extractor.cc:1513) For Gaussian index 286, floored 9 eigenvalues of variance.
LOG (ivector-extractor-est[5.5.390~2-09697]:UpdateVariances():ivector-extractor.cc:1513) For Gaussian index 287, floored 14 eigenvalues of variance.
LOG (ivector-extractor-est[5.5.390~2-09697]:UpdateVariances():ivector-extractor.cc:1513) For Gaussian index 288, floored 12 eigenvalues of variance.
LOG (ivector-extractor-est[5.5.390~2-09697]:UpdateVariances():ivector-extractor.cc:1513) For Gaussian index 289, floored 20 eigenvalues of variance.
LOG (ivector-extractor-est[5.5.390~2-09697]:UpdateVariances():ivector-extractor.cc:1513) For Gaussian index 291, floored 7 eigenvalues of variance.
LOG (ivector-extractor-est[5.5.390~2-09697]:UpdateVariances():ivector-extractor.cc:1513) For Gaussian index 292, floored 6 eigenvalues of variance.
LOG (ivector-extractor-est[5.5.390~2-09697]:UpdateVariances():ivector-extractor.cc:1513) For Gaussian index 293, floored 2 eigenvalues of variance.
LOG (ivector-extractor-est[5.5.390~2-09697]:UpdateVariances():ivector-extractor.cc:1513) For Gaussian index 294, floored 15 eigenvalues of variance.
LOG (ivector-extractor-est[5.5.390~2-09697]:UpdateVariances():ivector-extractor.cc:1513) For Gaussian index 296, floored 9 eigenvalues of variance.
LOG (ivector-extractor-est[5.5.390~2-09697]:UpdateVariances():ivector-extractor.cc:1513) For Gaussian index 297, floored 17 eigenvalues of variance.
LOG (ivector-extractor-est[5.5.390~2-09697]:UpdateVariances():ivector-extractor.cc:1513) For Gaussian index 299, floored 13 eigenvalues of variance.
LOG (ivector-extractor-est[5.5.390~2-09697]:UpdateVariances():ivector-extractor.cc:1513) For Gaussian index 301, floored 5 eigenvalues of variance.
LOG (ivector-extractor-est[5.5.390~2-09697]:UpdateVariances():ivector-extractor.cc:1513) For Gaussian index 302, floored 10 eigenvalues of variance.
LOG (ivector-extractor-est[5.5.390~2-09697]:UpdateVariances():ivector-extractor.cc:1513) For Gaussian index 303, floored 11 eigenvalues of variance.
LOG (ivector-extractor-est[5.5.390~2-09697]:UpdateVariances():ivector-extractor.cc:1513) For Gaussian index 304, floored 7 eigenvalues of variance.
LOG (ivector-extractor-est[5.5.390~2-09697]:UpdateVariances():ivector-extractor.cc:1513) For Gaussian index 305, floored 12 eigenvalues of variance.
LOG (ivector-extractor-est[5.5.390~2-09697]:UpdateVariances():ivector-extractor.cc:1513) For Gaussian index 312, floored 2 eigenvalues of variance.
LOG (ivector-extractor-est[5.5.390~2-09697]:UpdateVariances():ivector-extractor.cc:1513) For Gaussian index 316, floored 3 eigenvalues of variance.
LOG (ivector-extractor-est[5.5.390~2-09697]:UpdateVariances():ivector-extractor.cc:1513) For Gaussian index 317, floored 1 eigenvalues of variance.
LOG (ivector-extractor-est[5.5.390~2-09697]:UpdateVariances():ivector-extractor.cc:1513) For Gaussian index 322, floored 5 eigenvalues of variance.
LOG (ivector-extractor-est[5.5.390~2-09697]:UpdateVariances():ivector-extractor.cc:1513) For Gaussian index 324, floored 5 eigenvalues of variance.
LOG (ivector-extractor-est[5.5.390~2-09697]:UpdateVariances():ivector-extractor.cc:1513) For Gaussian index 325, floored 3 eigenvalues of variance.
LOG (ivector-extractor-est[5.5.390~2-09697]:UpdateVariances():ivector-extractor.cc:1513) For Gaussian index 329, floored 1 eigenvalues of variance.
LOG (ivector-extractor-est[5.5.390~2-09697]:UpdateVariances():ivector-extractor.cc:1513) For Gaussian index 330, floored 10 eigenvalues of variance.
LOG (ivector-extractor-est[5.5.390~2-09697]:UpdateVariances():ivector-extractor.cc:1513) For Gaussian index 333, floored 7 eigenvalues of variance.
LOG (ivector-extractor-est[5.5.390~2-09697]:UpdateVariances():ivector-extractor.cc:1513) For Gaussian index 335, floored 13 eigenvalues of variance.
LOG (ivector-extractor-est[5.5.390~2-09697]:UpdateVariances():ivector-extractor.cc:1513) For Gaussian index 337, floored 12 eigenvalues of variance.
LOG (ivector-extractor-est[5.5.390~2-09697]:UpdateVariances():ivector-extractor.cc:1513) For Gaussian index 338, floored 18 eigenvalues of variance.
LOG (ivector-extractor-est[5.5.390~2-09697]:UpdateVariances():ivector-extractor.cc:1513) For Gaussian index 341, floored 10 eigenvalues of variance.
LOG (ivector-extractor-est[5.5.390~2-09697]:UpdateVariances():ivector-extractor.cc:1513) For Gaussian index 342, floored 12 eigenvalues of variance.
LOG (ivector-extractor-est[5.5.390~2-09697]:UpdateVariances():ivector-extractor.cc:1513) For Gaussian index 343, floored 1 eigenvalues of variance.
LOG (ivector-extractor-est[5.5.390~2-09697]:UpdateVariances():ivector-extractor.cc:1513) For Gaussian index 345, floored 15 eigenvalues of variance.
LOG (ivector-extractor-est[5.5.390~2-09697]:UpdateVariances():ivector-extractor.cc:1513) For Gaussian index 346, floored 13 eigenvalues of variance.
LOG (ivector-extractor-est[5.5.390~2-09697]:UpdateVariances():ivector-extractor.cc:1513) For Gaussian index 352, floored 14 eigenvalues of variance.
LOG (ivector-extractor-est[5.5.390~2-09697]:UpdateVariances():ivector-extractor.cc:1513) For Gaussian index 354, floored 15 eigenvalues of variance.
LOG (ivector-extractor-est[5.5.390~2-09697]:UpdateVariances():ivector-extractor.cc:1513) For Gaussian index 355, floored 10 eigenvalues of variance.
LOG (ivector-extractor-est[5.5.390~2-09697]:UpdateVariances():ivector-extractor.cc:1513) For Gaussian index 356, floored 25 eigenvalues of variance.
LOG (ivector-extractor-est[5.5.390~2-09697]:UpdateVariances():ivector-extractor.cc:1513) For Gaussian index 358, floored 5 eigenvalues of variance.
LOG (ivector-extractor-est[5.5.390~2-09697]:UpdateVariances():ivector-extractor.cc:1513) For Gaussian index 359, floored 19 eigenvalues of variance.
LOG (ivector-extractor-est[5.5.390~2-09697]:UpdateVariances():ivector-extractor.cc:1513) For Gaussian index 366, floored 1 eigenvalues of variance.
LOG (ivector-extractor-est[5.5.390~2-09697]:UpdateVariances():ivector-extractor.cc:1513) For Gaussian index 369, floored 13 eigenvalues of variance.
LOG (ivector-extractor-est[5.5.390~2-09697]:UpdateVariances():ivector-extractor.cc:1513) For Gaussian index 370, floored 2 eigenvalues of variance.
LOG (ivector-extractor-est[5.5.390~2-09697]:UpdateVariances():ivector-extractor.cc:1513) For Gaussian index 375, floored 1 eigenvalues of variance.
LOG (ivector-extractor-est[5.5.390~2-09697]:UpdateVariances():ivector-extractor.cc:1513) For Gaussian index 381, floored 18 eigenvalues of variance.
LOG (ivector-extractor-est[5.5.390~2-09697]:UpdateVariances():ivector-extractor.cc:1513) For Gaussian index 384, floored 17 eigenvalues of variance.
LOG (ivector-extractor-est[5.5.390~2-09697]:UpdateVariances():ivector-extractor.cc:1513) For Gaussian index 386, floored 1 eigenvalues of variance.
LOG (ivector-extractor-est[5.5.390~2-09697]:UpdateVariances():ivector-extractor.cc:1513) For Gaussian index 394, floored 3 eigenvalues of variance.
LOG (ivector-extractor-est[5.5.390~2-09697]:UpdateVariances():ivector-extractor.cc:1513) For Gaussian index 406, floored 1 eigenvalues of variance.
LOG (ivector-extractor-est[5.5.390~2-09697]:UpdateVariances():ivector-extractor.cc:1513) For Gaussian index 411, floored 14 eigenvalues of variance.
LOG (ivector-extractor-est[5.5.390~2-09697]:UpdateVariances():ivector-extractor.cc:1513) For Gaussian index 427, floored 18 eigenvalues of variance.
LOG (ivector-extractor-est[5.5.390~2-09697]:UpdateVariances():ivector-extractor.cc:1513) For Gaussian index 429, floored 7 eigenvalues of variance.
LOG (ivector-extractor-est[5.5.390~2-09697]:UpdateVariances():ivector-extractor.cc:1513) For Gaussian index 434, floored 4 eigenvalues of variance.
LOG (ivector-extractor-est[5.5.390~2-09697]:UpdateVariances():ivector-extractor.cc:1513) For Gaussian index 436, floored 1 eigenvalues of variance.
LOG (ivector-extractor-est[5.5.390~2-09697]:UpdateVariances():ivector-extractor.cc:1513) For Gaussian index 439, floored 5 eigenvalues of variance.
LOG (ivector-extractor-est[5.5.390~2-09697]:UpdateVariances():ivector-extractor.cc:1513) For Gaussian index 456, floored 10 eigenvalues of variance.
LOG (ivector-extractor-est[5.5.390~2-09697]:UpdateVariances():ivector-extractor.cc:1513) For Gaussian index 460, floored 4 eigenvalues of variance.
LOG (ivector-extractor-est[5.5.390~2-09697]:UpdateVariances():ivector-extractor.cc:1513) For Gaussian index 462, floored 10 eigenvalues of variance.
LOG (ivector-extractor-est[5.5.390~2-09697]:UpdateVariances():ivector-extractor.cc:1513) For Gaussian index 463, floored 17 eigenvalues of variance.
LOG (ivector-extractor-est[5.5.390~2-09697]:UpdateVariances():ivector-extractor.cc:1513) For Gaussian index 465, floored 1 eigenvalues of variance.
LOG (ivector-extractor-est[5.5.390~2-09697]:UpdateVariances():ivector-extractor.cc:1513) For Gaussian index 468, floored 1 eigenvalues of variance.
LOG (ivector-extractor-est[5.5.390~2-09697]:UpdateVariances():ivector-extractor.cc:1513) For Gaussian index 472, floored 18 eigenvalues of variance.
LOG (ivector-extractor-est[5.5.390~2-09697]:UpdateVariances():ivector-extractor.cc:1513) For Gaussian index 473, floored 9 eigenvalues of variance.
LOG (ivector-extractor-est[5.5.390~2-09697]:UpdateVariances():ivector-extractor.cc:1513) For Gaussian index 474, floored 10 eigenvalues of variance.
LOG (ivector-extractor-est[5.5.390~2-09697]:UpdateVariances():ivector-extractor.cc:1513) For Gaussian index 476, floored 9 eigenvalues of variance.
LOG (ivector-extractor-est[5.5.390~2-09697]:UpdateVariances():ivector-extractor.cc:1513) For Gaussian index 482, floored 11 eigenvalues of variance.
LOG (ivector-extractor-est[5.5.390~2-09697]:UpdateVariances():ivector-extractor.cc:1513) For Gaussian index 484, floored 5 eigenvalues of variance.
LOG (ivector-extractor-est[5.5.390~2-09697]:UpdateVariances():ivector-extractor.cc:1513) For Gaussian index 485, floored 15 eigenvalues of variance.
LOG (ivector-extractor-est[5.5.390~2-09697]:UpdateVariances():ivector-extractor.cc:1513) For Gaussian index 492, floored 14 eigenvalues of variance.
LOG (ivector-extractor-est[5.5.390~2-09697]:UpdateVariances():ivector-extractor.cc:1513) For Gaussian index 493, floored 7 eigenvalues of variance.
LOG (ivector-extractor-est[5.5.390~2-09697]:UpdateVariances():ivector-extractor.cc:1513) For Gaussian index 498, floored 13 eigenvalues of variance.
LOG (ivector-extractor-est[5.5.390~2-09697]:UpdateVariances():ivector-extractor.cc:1513) For Gaussian index 507, floored 14 eigenvalues of variance.
LOG (ivector-extractor-est[5.5.390~2-09697]:UpdateVariances():ivector-extractor.cc:1513) For Gaussian index 508, floored 1 eigenvalues of variance.
LOG (ivector-extractor-est[5.5.390~2-09697]:UpdateVariances():ivector-extractor.cc:1513) For Gaussian index 511, floored 16 eigenvalues of variance.
LOG (ivector-extractor-est[5.5.390~2-09697]:UpdateVariances():ivector-extractor.cc:1532) Floored 3.81348% of all Gaussian eigenvalues
LOG (ivector-extractor-est[5.5.390~2-09697]:UpdateVariances():ivector-extractor.cc:1534) Overall objf impr/frame for variances was 2.22926 over 2.99436e+06 frames.
LOG (ivector-extractor-est[5.5.390~2-09697]:UpdatePrior():ivector-extractor.cc:1667) Eigenvalues of iVector covariance range from 0.000576066 to 10.6484
LOG (ivector-extractor-est[5.5.390~2-09697]:ComputeDerivedVars():ivector-extractor.cc:183) Computing derived variables for iVector extractor
LOG (ivector-extractor-est[5.5.390~2-09697]:ComputeDerivedVars():ivector-extractor.cc:204) Done.
LOG (ivector-extractor-est[5.5.390~2-09697]:GetOrthogonalIvectorTransform():ivector-extractor.cc:1391) Eigenvalues of Vavg:  [ 1.99794 1.34795 0.521285 0.29738 0.21336 0.14673 0.139437 0.122101 0.108586 0.0997464 0.0946797 0.0848081 0.0789369 0.0686869 0.0602452 0.0579084 0.0520564 0.0457804 0.0422651 0.0412737 0.0405239 0.0374079 0.0357271 0.0336116 0.0318524 0.0295512 0.0287048 0.0277967 0.02586 0.0250989 0.0244731 0.0235503 0.0230352 0.0214736 0.0211904 0.0205755 0.0196955 0.0182146 0.0179925 0.0176115 0.0172539 0.0171438 0.0157955 0.0157025 0.0149093 0.0147383 0.0144462 0.0141859 0.0135993 0.0133485 0.0130645 0.0124925 0.0122197 0.0119471 0.0118471 0.0113874 0.0110364 0.0109459 0.0108266 0.0106966 0.0104306 0.010377 0.0099418 0.00972879 0.009485 0.0093026 0.00911566 0.00896988 0.00878494 0.00870971 0.0085731 0.00842062 0.00832837 0.00808635 0.00797862 0.00790304 0.00771123 0.00761639 0.00735564 0.00729419 0.00715654 0.00707194 0.00698207 0.0068618 0.00670969 0.00658193 0.00652107 0.00641851 0.00639791 0.00611241 0.00608197 0.00601883 0.00597129 0.00573004 0.00560537 0.00544349 0.00525457 0.00517668 0.00497481 ]

LOG (ivector-extractor-est[5.5.390~2-09697]:PriorDiagnostics():ivector-extractor.cc:1644) Overall auxf improvement from prior is 5.64676 per frame, or 281.807 per iVector.
LOG (ivector-extractor-est[5.5.390~2-09697]:TransformIvectors():ivector-extractor.cc:533) Setting iVector prior offset to 42.4904
LOG (ivector-extractor-est[5.5.390~2-09697]:Update():ivector-extractor.cc:1292) Overall objective-function improvement per frame was 82.219
LOG (ivector-extractor-est[5.5.390~2-09697]:ComputeDerivedVars():ivector-extractor.cc:183) Computing derived variables for iVector extractor
LOG (ivector-extractor-est[5.5.390~2-09697]:ComputeDerivedVars():ivector-extractor.cc:204) Done.
LOG (ivector-extractor-est[5.5.390~2-09697]:IvectorVarianceDiagnostic():ivector-extractor.cc:1315) The proportion of within-Gaussian variance explained by the iVectors is 0.1643.
LOG (ivector-extractor-est[5.5.390~2-09697]:main():ivector-extractor-est.cc:67) Updated model and wrote it to exp/nnet3/extractor/1.ie
# Accounting: time=3 threads=1
# Ended (code 0) at Sat Jan 16 04:08:39 CST 2021, elapsed time 3 seconds
